[DEBUG] 2023-05-24 10:54:38.872 [main] InternalLoggerFactory - Using Log4J2 as the default logging framework
[DEBUG] 2023-05-24 10:54:38.921 [main] ResourceLeakDetector - -Dio.netty.leakDetection.level: simple
[DEBUG] 2023-05-24 10:54:38.922 [main] ResourceLeakDetector - -Dio.netty.leakDetection.targetRecords: 4
[DEBUG] 2023-05-24 10:54:38.929 [main] ResourceLeakDetectorFactory - Loaded default ResourceLeakDetector: io.netty.util.ResourceLeakDetector@787f32b7
[DEBUG] 2023-05-24 10:54:38.957 [main] PlatformDependent0 - -Dio.netty.noUnsafe: false
[DEBUG] 2023-05-24 10:54:38.958 [main] PlatformDependent0 - Java version: 16
[DEBUG] 2023-05-24 10:54:38.959 [main] PlatformDependent0 - sun.misc.Unsafe.theUnsafe: available
[DEBUG] 2023-05-24 10:54:38.961 [main] PlatformDependent0 - sun.misc.Unsafe.copyMemory: available
[DEBUG] 2023-05-24 10:54:38.961 [main] PlatformDependent0 - java.nio.Buffer.address: available
[DEBUG] 2023-05-24 10:54:38.962 [main] PlatformDependent0 - direct buffer constructor: unavailable: Reflective setAccessible(true) disabled
[DEBUG] 2023-05-24 10:54:38.963 [main] PlatformDependent0 - java.nio.Bits.unaligned: available, true
[DEBUG] 2023-05-24 10:54:38.965 [main] PlatformDependent0 - jdk.internal.misc.Unsafe.allocateUninitializedArray(int): unavailable: class io.netty.util.internal.PlatformDependent0$6 cannot access class jdk.internal.misc.Unsafe (in module java.base) because module java.base does not export jdk.internal.misc to unnamed module @737996a0
[DEBUG] 2023-05-24 10:54:38.969 [main] PlatformDependent0 - java.nio.DirectByteBuffer.<init>(long, int): unavailable
[DEBUG] 2023-05-24 10:54:38.969 [main] PlatformDependent - sun.misc.Unsafe: available
[DEBUG] 2023-05-24 10:54:38.970 [main] PlatformDependent - maxDirectMemory: 1040187392 bytes (maybe)
[DEBUG] 2023-05-24 10:54:38.971 [main] PlatformDependent - -Dio.netty.tmpdir: C:\Users\admin\AppData\Local\Temp (java.io.tmpdir)
[DEBUG] 2023-05-24 10:54:38.971 [main] PlatformDependent - -Dio.netty.bitMode: 64 (sun.arch.data.model)
[DEBUG] 2023-05-24 10:54:38.972 [main] PlatformDependent - Platform: Windows
[DEBUG] 2023-05-24 10:54:38.973 [main] PlatformDependent - -Dio.netty.maxDirectMemory: -1 bytes
[DEBUG] 2023-05-24 10:54:38.973 [main] PlatformDependent - -Dio.netty.uninitializedArrayAllocationThreshold: -1
[DEBUG] 2023-05-24 10:54:38.976 [main] CleanerJava9 - java.nio.ByteBuffer.cleaner(): available
[DEBUG] 2023-05-24 10:54:38.976 [main] PlatformDependent - -Dio.netty.noPreferDirect: false
[DEBUG] 2023-05-24 10:54:38.987 [main] PlatformDependent - org.jctools-core.MpscChunkedArrayQueue: available
[DEBUG] 2023-05-24 10:54:39.025 [main] InternalThreadLocalMap - -Dio.netty.threadLocalMap.stringBuilder.initialSize: 1024
[DEBUG] 2023-05-24 10:54:39.025 [main] InternalThreadLocalMap - -Dio.netty.threadLocalMap.stringBuilder.maxSize: 4096
[DEBUG] 2023-05-24 10:54:39.118 [main] JdkSslContext - Default protocols (JDK): [TLSv1.3, TLSv1.2] 
[DEBUG] 2023-05-24 10:54:39.118 [main] JdkSslContext - Default cipher suites (JDK): [TLS_ECDHE_ECDSA_WITH_AES_256_GCM_SHA384, TLS_ECDHE_ECDSA_WITH_AES_128_GCM_SHA256, TLS_ECDHE_RSA_WITH_AES_128_GCM_SHA256, TLS_ECDHE_RSA_WITH_AES_256_GCM_SHA384, TLS_ECDHE_RSA_WITH_AES_128_CBC_SHA, TLS_ECDHE_RSA_WITH_AES_256_CBC_SHA, TLS_RSA_WITH_AES_128_GCM_SHA256, TLS_RSA_WITH_AES_128_CBC_SHA, TLS_RSA_WITH_AES_256_CBC_SHA, TLS_AES_128_GCM_SHA256, TLS_AES_256_GCM_SHA384]
[DEBUG] 2023-05-24 10:54:39.160 [main] MultithreadEventLoopGroup - -Dio.netty.eventLoopThreads: 4
[DEBUG] 2023-05-24 10:54:39.184 [main] NioEventLoop - -Dio.netty.noKeySetOptimization: false
[DEBUG] 2023-05-24 10:54:39.184 [main] NioEventLoop - -Dio.netty.selectorAutoRebuildThreshold: 512
[DEBUG] 2023-05-24 10:54:39.431 [main] PooledByteBufAllocator - -Dio.netty.allocator.numHeapArenas: 4
[DEBUG] 2023-05-24 10:54:39.431 [main] PooledByteBufAllocator - -Dio.netty.allocator.numDirectArenas: 4
[DEBUG] 2023-05-24 10:54:39.432 [main] PooledByteBufAllocator - -Dio.netty.allocator.pageSize: 8192
[DEBUG] 2023-05-24 10:54:39.433 [main] PooledByteBufAllocator - -Dio.netty.allocator.maxOrder: 11
[DEBUG] 2023-05-24 10:54:39.433 [main] PooledByteBufAllocator - -Dio.netty.allocator.chunkSize: 16777216
[DEBUG] 2023-05-24 10:54:39.433 [main] PooledByteBufAllocator - -Dio.netty.allocator.smallCacheSize: 256
[DEBUG] 2023-05-24 10:54:39.434 [main] PooledByteBufAllocator - -Dio.netty.allocator.normalCacheSize: 64
[DEBUG] 2023-05-24 10:54:39.434 [main] PooledByteBufAllocator - -Dio.netty.allocator.maxCachedBufferCapacity: 32768
[DEBUG] 2023-05-24 10:54:39.434 [main] PooledByteBufAllocator - -Dio.netty.allocator.cacheTrimInterval: 8192
[DEBUG] 2023-05-24 10:54:39.434 [main] PooledByteBufAllocator - -Dio.netty.allocator.cacheTrimIntervalMillis: 0
[DEBUG] 2023-05-24 10:54:39.434 [main] PooledByteBufAllocator - -Dio.netty.allocator.useCacheForAllThreads: true
[DEBUG] 2023-05-24 10:54:39.434 [main] PooledByteBufAllocator - -Dio.netty.allocator.maxCachedByteBuffersPerChunk: 1023
[DEBUG] 2023-05-24 10:54:39.559 [main] ByteBufUtil - -Dio.netty.allocator.type: pooled
[DEBUG] 2023-05-24 10:54:39.559 [main] ByteBufUtil - -Dio.netty.threadLocalDirectBufferSize: 0
[DEBUG] 2023-05-24 10:54:39.559 [main] ByteBufUtil - -Dio.netty.maxThreadLocalCharBufferSize: 16384
[DEBUG] 2023-05-24 10:54:58.508 [Forwarding newSession on session null to remote] DefaultChannelId - -Dio.netty.processId: 9904 (auto-detected)
[DEBUG] 2023-05-24 10:54:58.511 [Forwarding newSession on session null to remote] NetUtil - -Djava.net.preferIPv4Stack: false
[DEBUG] 2023-05-24 10:54:58.512 [Forwarding newSession on session null to remote] NetUtil - -Djava.net.preferIPv6Addresses: false
[DEBUG] 2023-05-24 10:54:58.527 [Forwarding newSession on session null to remote] NetUtilInitializations - Loopback interface: lo (Software Loopback Interface 1, 127.0.0.1)
[DEBUG] 2023-05-24 10:54:58.529 [Forwarding newSession on session null to remote] NetUtil - Failed to get SOMAXCONN from sysctl and file \proc\sys\net\core\somaxconn. Default: 200
[DEBUG] 2023-05-24 10:54:58.568 [Forwarding newSession on session null to remote] DefaultChannelId - -Dio.netty.machineId: 48:d2:24:ff:fe:24:f8:9e (auto-detected)
[DEBUG] 2023-05-24 10:54:58.726 [AsyncHttpClient-1-2] AbstractByteBuf - -Dio.netty.buffer.checkAccessible: true
[DEBUG] 2023-05-24 10:54:58.727 [AsyncHttpClient-1-2] AbstractByteBuf - -Dio.netty.buffer.checkBounds: true
[DEBUG] 2023-05-24 10:54:58.728 [AsyncHttpClient-1-2] ResourceLeakDetectorFactory - Loaded default ResourceLeakDetector: io.netty.util.ResourceLeakDetector@1a0ff5de
[DEBUG] 2023-05-24 10:54:58.770 [AsyncHttpClient-1-2] Recycler - -Dio.netty.recycler.maxCapacityPerThread: 4096
[DEBUG] 2023-05-24 10:54:58.771 [AsyncHttpClient-1-2] Recycler - -Dio.netty.recycler.maxSharedCapacityFactor: 2
[DEBUG] 2023-05-24 10:54:58.771 [AsyncHttpClient-1-2] Recycler - -Dio.netty.recycler.linkCapacity: 16
[DEBUG] 2023-05-24 10:54:58.771 [AsyncHttpClient-1-2] Recycler - -Dio.netty.recycler.ratio: 8
[DEBUG] 2023-05-24 10:54:58.771 [AsyncHttpClient-1-2] Recycler - -Dio.netty.recycler.delayedQueue.ratio: 8
[DEBUG] 2023-05-24 10:55:11.175 [AsyncHttpClient-1-2] Brotli - brotli4j not in the classpath; Brotli support will be unavailable.
[DEBUG] 2023-05-24 10:55:11.924 [main] ThreadLocalRandom - -Dio.netty.initialSeedUniquifier: 0x5c138c65a96f36d3
[DEBUG] 2023-05-24 16:54:10.173 [main] InternalLoggerFactory - Using Log4J2 as the default logging framework
[DEBUG] 2023-05-24 16:54:10.302 [main] ResourceLeakDetector - -Dio.netty.leakDetection.level: simple
[DEBUG] 2023-05-24 16:54:10.302 [main] ResourceLeakDetector - -Dio.netty.leakDetection.targetRecords: 4
[DEBUG] 2023-05-24 16:54:10.316 [main] ResourceLeakDetectorFactory - Loaded default ResourceLeakDetector: io.netty.util.ResourceLeakDetector@7a7d1b47
[DEBUG] 2023-05-24 16:54:10.374 [main] PlatformDependent0 - -Dio.netty.noUnsafe: false
[DEBUG] 2023-05-24 16:54:10.375 [main] PlatformDependent0 - Java version: 16
[DEBUG] 2023-05-24 16:54:10.376 [main] PlatformDependent0 - sun.misc.Unsafe.theUnsafe: available
[DEBUG] 2023-05-24 16:54:10.377 [main] PlatformDependent0 - sun.misc.Unsafe.copyMemory: available
[DEBUG] 2023-05-24 16:54:10.378 [main] PlatformDependent0 - sun.misc.Unsafe.storeFence: available
[DEBUG] 2023-05-24 16:54:10.379 [main] PlatformDependent0 - java.nio.Buffer.address: available
[DEBUG] 2023-05-24 16:54:10.379 [main] PlatformDependent0 - direct buffer constructor: unavailable: Reflective setAccessible(true) disabled
[DEBUG] 2023-05-24 16:54:10.391 [main] PlatformDependent0 - java.nio.Bits.unaligned: available, true
[DEBUG] 2023-05-24 16:54:10.394 [main] PlatformDependent0 - jdk.internal.misc.Unsafe.allocateUninitializedArray(int): unavailable: class io.netty.util.internal.PlatformDependent0$7 cannot access class jdk.internal.misc.Unsafe (in module java.base) because module java.base does not export jdk.internal.misc to unnamed module @737996a0
[DEBUG] 2023-05-24 16:54:10.430 [main] PlatformDependent0 - java.nio.DirectByteBuffer.<init>(long, int): unavailable
[DEBUG] 2023-05-24 16:54:10.430 [main] PlatformDependent - sun.misc.Unsafe: available
[DEBUG] 2023-05-24 16:54:10.431 [main] PlatformDependent - maxDirectMemory: 1040187392 bytes (maybe)
[DEBUG] 2023-05-24 16:54:10.432 [main] PlatformDependent - -Dio.netty.tmpdir: C:\Users\admin\AppData\Local\Temp (java.io.tmpdir)
[DEBUG] 2023-05-24 16:54:10.432 [main] PlatformDependent - -Dio.netty.bitMode: 64 (sun.arch.data.model)
[DEBUG] 2023-05-24 16:54:10.433 [main] PlatformDependent - Platform: Windows
[DEBUG] 2023-05-24 16:54:10.445 [main] PlatformDependent - -Dio.netty.maxDirectMemory: -1 bytes
[DEBUG] 2023-05-24 16:54:10.445 [main] PlatformDependent - -Dio.netty.uninitializedArrayAllocationThreshold: -1
[DEBUG] 2023-05-24 16:54:10.448 [main] CleanerJava9 - java.nio.ByteBuffer.cleaner(): available
[DEBUG] 2023-05-24 16:54:10.449 [main] PlatformDependent - -Dio.netty.noPreferDirect: false
[DEBUG] 2023-05-24 16:54:10.462 [main] PlatformDependent - org.jctools-core.MpscChunkedArrayQueue: available
[DEBUG] 2023-05-24 16:54:10.571 [main] InternalThreadLocalMap - -Dio.netty.threadLocalMap.stringBuilder.initialSize: 1024
[DEBUG] 2023-05-24 16:54:10.572 [main] InternalThreadLocalMap - -Dio.netty.threadLocalMap.stringBuilder.maxSize: 4096
[DEBUG] 2023-05-24 16:54:11.027 [main] JdkSslContext - Default protocols (JDK): [TLSv1.3, TLSv1.2] 
[DEBUG] 2023-05-24 16:54:11.028 [main] JdkSslContext - Default cipher suites (JDK): [TLS_ECDHE_ECDSA_WITH_AES_256_GCM_SHA384, TLS_ECDHE_ECDSA_WITH_AES_128_GCM_SHA256, TLS_ECDHE_RSA_WITH_AES_128_GCM_SHA256, TLS_ECDHE_RSA_WITH_AES_256_GCM_SHA384, TLS_ECDHE_RSA_WITH_AES_128_CBC_SHA, TLS_ECDHE_RSA_WITH_AES_256_CBC_SHA, TLS_RSA_WITH_AES_128_GCM_SHA256, TLS_RSA_WITH_AES_128_CBC_SHA, TLS_RSA_WITH_AES_256_CBC_SHA, TLS_AES_128_GCM_SHA256, TLS_AES_256_GCM_SHA384]
[DEBUG] 2023-05-24 16:54:11.173 [main] GlobalEventExecutor - -Dio.netty.globalEventExecutor.quietPeriodSeconds: 1
[DEBUG] 2023-05-24 16:54:11.282 [main] MultithreadEventLoopGroup - -Dio.netty.eventLoopThreads: 4
[DEBUG] 2023-05-24 16:54:11.349 [main] NioEventLoop - -Dio.netty.noKeySetOptimization: false
[DEBUG] 2023-05-24 16:54:11.349 [main] NioEventLoop - -Dio.netty.selectorAutoRebuildThreshold: 512
[DEBUG] 2023-05-24 16:54:11.673 [main] PooledByteBufAllocator - -Dio.netty.allocator.numHeapArenas: 4
[DEBUG] 2023-05-24 16:54:11.673 [main] PooledByteBufAllocator - -Dio.netty.allocator.numDirectArenas: 4
[DEBUG] 2023-05-24 16:54:11.673 [main] PooledByteBufAllocator - -Dio.netty.allocator.pageSize: 8192
[DEBUG] 2023-05-24 16:54:11.673 [main] PooledByteBufAllocator - -Dio.netty.allocator.maxOrder: 9
[DEBUG] 2023-05-24 16:54:11.674 [main] PooledByteBufAllocator - -Dio.netty.allocator.chunkSize: 4194304
[DEBUG] 2023-05-24 16:54:11.674 [main] PooledByteBufAllocator - -Dio.netty.allocator.smallCacheSize: 256
[DEBUG] 2023-05-24 16:54:11.674 [main] PooledByteBufAllocator - -Dio.netty.allocator.normalCacheSize: 64
[DEBUG] 2023-05-24 16:54:11.674 [main] PooledByteBufAllocator - -Dio.netty.allocator.maxCachedBufferCapacity: 32768
[DEBUG] 2023-05-24 16:54:11.674 [main] PooledByteBufAllocator - -Dio.netty.allocator.cacheTrimInterval: 8192
[DEBUG] 2023-05-24 16:54:11.674 [main] PooledByteBufAllocator - -Dio.netty.allocator.cacheTrimIntervalMillis: 0
[DEBUG] 2023-05-24 16:54:11.674 [main] PooledByteBufAllocator - -Dio.netty.allocator.useCacheForAllThreads: false
[DEBUG] 2023-05-24 16:54:11.675 [main] PooledByteBufAllocator - -Dio.netty.allocator.maxCachedByteBuffersPerChunk: 1023
[DEBUG] 2023-05-24 16:54:11.703 [main] ByteBufUtil - -Dio.netty.allocator.type: pooled
[DEBUG] 2023-05-24 16:54:11.704 [main] ByteBufUtil - -Dio.netty.threadLocalDirectBufferSize: 0
[DEBUG] 2023-05-24 16:54:11.704 [main] ByteBufUtil - -Dio.netty.maxThreadLocalCharBufferSize: 16384
[DEBUG] 2023-05-24 16:54:29.532 [Forwarding newSession on session null to remote] DefaultChannelId - -Dio.netty.processId: 7972 (auto-detected)
[DEBUG] 2023-05-24 16:54:29.553 [Forwarding newSession on session null to remote] NetUtil - -Djava.net.preferIPv4Stack: false
[DEBUG] 2023-05-24 16:54:29.554 [Forwarding newSession on session null to remote] NetUtil - -Djava.net.preferIPv6Addresses: false
[DEBUG] 2023-05-24 16:54:29.585 [Forwarding newSession on session null to remote] NetUtilInitializations - Loopback interface: lo (Software Loopback Interface 1, 127.0.0.1)
[DEBUG] 2023-05-24 16:54:29.588 [Forwarding newSession on session null to remote] NetUtil - Failed to get SOMAXCONN from sysctl and file \proc\sys\net\core\somaxconn. Default: 200
[DEBUG] 2023-05-24 16:54:29.614 [Forwarding newSession on session null to remote] DefaultChannelId - -Dio.netty.machineId: 48:d2:24:ff:fe:24:f8:9e (auto-detected)
[DEBUG] 2023-05-24 16:54:29.920 [AsyncHttpClient-1-2] AbstractByteBuf - -Dio.netty.buffer.checkAccessible: true
[DEBUG] 2023-05-24 16:54:29.921 [AsyncHttpClient-1-2] AbstractByteBuf - -Dio.netty.buffer.checkBounds: true
[DEBUG] 2023-05-24 16:54:29.921 [AsyncHttpClient-1-2] ResourceLeakDetectorFactory - Loaded default ResourceLeakDetector: io.netty.util.ResourceLeakDetector@47f2d0f3
[DEBUG] 2023-05-24 16:54:30.055 [AsyncHttpClient-1-2] Recycler - -Dio.netty.recycler.maxCapacityPerThread: 4096
[DEBUG] 2023-05-24 16:54:30.056 [AsyncHttpClient-1-2] Recycler - -Dio.netty.recycler.ratio: 8
[DEBUG] 2023-05-24 16:54:30.056 [AsyncHttpClient-1-2] Recycler - -Dio.netty.recycler.chunkSize: 32
[DEBUG] 2023-05-24 16:54:30.056 [AsyncHttpClient-1-2] Recycler - -Dio.netty.recycler.blocking: false
[DEBUG] 2023-05-24 16:54:30.056 [AsyncHttpClient-1-2] Recycler - -Dio.netty.recycler.batchFastThreadLocalOnly: true
[DEBUG] 2023-05-24 16:54:53.207 [AsyncHttpClient-1-2] Brotli - brotli4j not in the classpath; Brotli support will be unavailable.
[DEBUG] 2023-05-24 16:54:53.870 [main] ThreadLocalRandom - -Dio.netty.initialSeedUniquifier: 0xd7f5a1bc259148c5
[DEBUG] 2023-05-24 17:28:20.992 [main] InternalLoggerFactory - Using Log4J2 as the default logging framework
[DEBUG] 2023-05-24 17:28:21.086 [main] ResourceLeakDetector - -Dio.netty.leakDetection.level: simple
[DEBUG] 2023-05-24 17:28:21.087 [main] ResourceLeakDetector - -Dio.netty.leakDetection.targetRecords: 4
[DEBUG] 2023-05-24 17:28:21.104 [main] ResourceLeakDetectorFactory - Loaded default ResourceLeakDetector: io.netty.util.ResourceLeakDetector@507d20bb
[DEBUG] 2023-05-24 17:28:21.163 [main] PlatformDependent0 - -Dio.netty.noUnsafe: false
[DEBUG] 2023-05-24 17:28:21.164 [main] PlatformDependent0 - Java version: 16
[DEBUG] 2023-05-24 17:28:21.166 [main] PlatformDependent0 - sun.misc.Unsafe.theUnsafe: available
[DEBUG] 2023-05-24 17:28:21.167 [main] PlatformDependent0 - sun.misc.Unsafe.copyMemory: available
[DEBUG] 2023-05-24 17:28:21.167 [main] PlatformDependent0 - sun.misc.Unsafe.storeFence: available
[DEBUG] 2023-05-24 17:28:21.168 [main] PlatformDependent0 - java.nio.Buffer.address: available
[DEBUG] 2023-05-24 17:28:21.169 [main] PlatformDependent0 - direct buffer constructor: unavailable: Reflective setAccessible(true) disabled
[DEBUG] 2023-05-24 17:28:21.181 [main] PlatformDependent0 - java.nio.Bits.unaligned: available, true
[DEBUG] 2023-05-24 17:28:21.184 [main] PlatformDependent0 - jdk.internal.misc.Unsafe.allocateUninitializedArray(int): unavailable: class io.netty.util.internal.PlatformDependent0$7 cannot access class jdk.internal.misc.Unsafe (in module java.base) because module java.base does not export jdk.internal.misc to unnamed module @737996a0
[DEBUG] 2023-05-24 17:28:21.201 [main] PlatformDependent0 - java.nio.DirectByteBuffer.<init>(long, int): unavailable
[DEBUG] 2023-05-24 17:28:21.201 [main] PlatformDependent - sun.misc.Unsafe: available
[DEBUG] 2023-05-24 17:28:21.202 [main] PlatformDependent - maxDirectMemory: 1040187392 bytes (maybe)
[DEBUG] 2023-05-24 17:28:21.203 [main] PlatformDependent - -Dio.netty.tmpdir: C:\Users\admin\AppData\Local\Temp (java.io.tmpdir)
[DEBUG] 2023-05-24 17:28:21.203 [main] PlatformDependent - -Dio.netty.bitMode: 64 (sun.arch.data.model)
[DEBUG] 2023-05-24 17:28:21.204 [main] PlatformDependent - Platform: Windows
[DEBUG] 2023-05-24 17:28:21.214 [main] PlatformDependent - -Dio.netty.maxDirectMemory: -1 bytes
[DEBUG] 2023-05-24 17:28:21.214 [main] PlatformDependent - -Dio.netty.uninitializedArrayAllocationThreshold: -1
[DEBUG] 2023-05-24 17:28:21.216 [main] CleanerJava9 - java.nio.ByteBuffer.cleaner(): available
[DEBUG] 2023-05-24 17:28:21.217 [main] PlatformDependent - -Dio.netty.noPreferDirect: false
[DEBUG] 2023-05-24 17:28:21.230 [main] PlatformDependent - org.jctools-core.MpscChunkedArrayQueue: available
[DEBUG] 2023-05-24 17:28:21.578 [main] InternalThreadLocalMap - -Dio.netty.threadLocalMap.stringBuilder.initialSize: 1024
[DEBUG] 2023-05-24 17:28:21.578 [main] InternalThreadLocalMap - -Dio.netty.threadLocalMap.stringBuilder.maxSize: 4096
[DEBUG] 2023-05-24 17:28:22.016 [main] JdkSslContext - Default protocols (JDK): [TLSv1.3, TLSv1.2] 
[DEBUG] 2023-05-24 17:28:22.017 [main] JdkSslContext - Default cipher suites (JDK): [TLS_ECDHE_ECDSA_WITH_AES_256_GCM_SHA384, TLS_ECDHE_ECDSA_WITH_AES_128_GCM_SHA256, TLS_ECDHE_RSA_WITH_AES_128_GCM_SHA256, TLS_ECDHE_RSA_WITH_AES_256_GCM_SHA384, TLS_ECDHE_RSA_WITH_AES_128_CBC_SHA, TLS_ECDHE_RSA_WITH_AES_256_CBC_SHA, TLS_RSA_WITH_AES_128_GCM_SHA256, TLS_RSA_WITH_AES_128_CBC_SHA, TLS_RSA_WITH_AES_256_CBC_SHA, TLS_AES_128_GCM_SHA256, TLS_AES_256_GCM_SHA384]
[DEBUG] 2023-05-24 17:28:22.151 [main] GlobalEventExecutor - -Dio.netty.globalEventExecutor.quietPeriodSeconds: 1
[DEBUG] 2023-05-24 17:28:22.249 [main] MultithreadEventLoopGroup - -Dio.netty.eventLoopThreads: 4
[DEBUG] 2023-05-24 17:28:22.362 [main] NioEventLoop - -Dio.netty.noKeySetOptimization: false
[DEBUG] 2023-05-24 17:28:22.363 [main] NioEventLoop - -Dio.netty.selectorAutoRebuildThreshold: 512
[DEBUG] 2023-05-24 17:28:22.621 [main] PooledByteBufAllocator - -Dio.netty.allocator.numHeapArenas: 4
[DEBUG] 2023-05-24 17:28:22.621 [main] PooledByteBufAllocator - -Dio.netty.allocator.numDirectArenas: 4
[DEBUG] 2023-05-24 17:28:22.621 [main] PooledByteBufAllocator - -Dio.netty.allocator.pageSize: 8192
[DEBUG] 2023-05-24 17:28:22.621 [main] PooledByteBufAllocator - -Dio.netty.allocator.maxOrder: 9
[DEBUG] 2023-05-24 17:28:22.621 [main] PooledByteBufAllocator - -Dio.netty.allocator.chunkSize: 4194304
[DEBUG] 2023-05-24 17:28:22.622 [main] PooledByteBufAllocator - -Dio.netty.allocator.smallCacheSize: 256
[DEBUG] 2023-05-24 17:28:22.622 [main] PooledByteBufAllocator - -Dio.netty.allocator.normalCacheSize: 64
[DEBUG] 2023-05-24 17:28:22.622 [main] PooledByteBufAllocator - -Dio.netty.allocator.maxCachedBufferCapacity: 32768
[DEBUG] 2023-05-24 17:28:22.622 [main] PooledByteBufAllocator - -Dio.netty.allocator.cacheTrimInterval: 8192
[DEBUG] 2023-05-24 17:28:22.622 [main] PooledByteBufAllocator - -Dio.netty.allocator.cacheTrimIntervalMillis: 0
[DEBUG] 2023-05-24 17:28:22.622 [main] PooledByteBufAllocator - -Dio.netty.allocator.useCacheForAllThreads: false
[DEBUG] 2023-05-24 17:28:22.622 [main] PooledByteBufAllocator - -Dio.netty.allocator.maxCachedByteBuffersPerChunk: 1023
[DEBUG] 2023-05-24 17:28:22.649 [main] ByteBufUtil - -Dio.netty.allocator.type: pooled
[DEBUG] 2023-05-24 17:28:22.649 [main] ByteBufUtil - -Dio.netty.threadLocalDirectBufferSize: 0
[DEBUG] 2023-05-24 17:28:22.649 [main] ByteBufUtil - -Dio.netty.maxThreadLocalCharBufferSize: 16384
[DEBUG] 2023-05-24 17:28:24.409 [Forwarding newSession on session null to remote] DefaultChannelId - -Dio.netty.processId: 4748 (auto-detected)
[DEBUG] 2023-05-24 17:28:24.436 [Forwarding newSession on session null to remote] NetUtil - -Djava.net.preferIPv4Stack: false
[DEBUG] 2023-05-24 17:28:24.436 [Forwarding newSession on session null to remote] NetUtil - -Djava.net.preferIPv6Addresses: false
[DEBUG] 2023-05-24 17:28:24.467 [Forwarding newSession on session null to remote] NetUtilInitializations - Loopback interface: lo (Software Loopback Interface 1, 127.0.0.1)
[DEBUG] 2023-05-24 17:28:24.468 [Forwarding newSession on session null to remote] NetUtil - Failed to get SOMAXCONN from sysctl and file \proc\sys\net\core\somaxconn. Default: 200
[DEBUG] 2023-05-24 17:28:24.491 [Forwarding newSession on session null to remote] DefaultChannelId - -Dio.netty.machineId: 48:d2:24:ff:fe:24:f8:9e (auto-detected)
[DEBUG] 2023-05-24 17:28:24.725 [AsyncHttpClient-1-2] AbstractByteBuf - -Dio.netty.buffer.checkAccessible: true
[DEBUG] 2023-05-24 17:28:24.726 [AsyncHttpClient-1-2] AbstractByteBuf - -Dio.netty.buffer.checkBounds: true
[DEBUG] 2023-05-24 17:28:24.726 [AsyncHttpClient-1-2] ResourceLeakDetectorFactory - Loaded default ResourceLeakDetector: io.netty.util.ResourceLeakDetector@77cdc980
[DEBUG] 2023-05-24 17:28:24.905 [AsyncHttpClient-1-2] Recycler - -Dio.netty.recycler.maxCapacityPerThread: 4096
[DEBUG] 2023-05-24 17:28:24.906 [AsyncHttpClient-1-2] Recycler - -Dio.netty.recycler.ratio: 8
[DEBUG] 2023-05-24 17:28:24.906 [AsyncHttpClient-1-2] Recycler - -Dio.netty.recycler.chunkSize: 32
[DEBUG] 2023-05-24 17:28:24.906 [AsyncHttpClient-1-2] Recycler - -Dio.netty.recycler.blocking: false
[DEBUG] 2023-05-24 17:28:24.906 [AsyncHttpClient-1-2] Recycler - -Dio.netty.recycler.batchFastThreadLocalOnly: true
[DEBUG] 2023-05-24 17:28:55.208 [AsyncHttpClient-1-2] Brotli - brotli4j not in the classpath; Brotli support will be unavailable.
[DEBUG] 2023-05-24 17:28:56.247 [main] ThreadLocalRandom - -Dio.netty.initialSeedUniquifier: 0x215ed70b48270597
[DEBUG] 2023-05-24 18:09:54.499 [main] InternalLoggerFactory - Using Log4J2 as the default logging framework
[DEBUG] 2023-05-24 18:09:54.856 [main] ResourceLeakDetector - -Dio.netty.leakDetection.level: simple
[DEBUG] 2023-05-24 18:09:54.857 [main] ResourceLeakDetector - -Dio.netty.leakDetection.targetRecords: 4
[DEBUG] 2023-05-24 18:09:54.935 [main] ResourceLeakDetectorFactory - Loaded default ResourceLeakDetector: io.netty.util.ResourceLeakDetector@ef1695a
[DEBUG] 2023-05-24 18:09:55.236 [main] PlatformDependent0 - -Dio.netty.noUnsafe: false
[DEBUG] 2023-05-24 18:09:55.237 [main] PlatformDependent0 - Java version: 16
[DEBUG] 2023-05-24 18:09:55.256 [main] PlatformDependent0 - sun.misc.Unsafe.theUnsafe: available
[DEBUG] 2023-05-24 18:09:55.257 [main] PlatformDependent0 - sun.misc.Unsafe.copyMemory: available
[DEBUG] 2023-05-24 18:09:55.258 [main] PlatformDependent0 - sun.misc.Unsafe.storeFence: available
[DEBUG] 2023-05-24 18:09:55.259 [main] PlatformDependent0 - java.nio.Buffer.address: available
[DEBUG] 2023-05-24 18:09:55.260 [main] PlatformDependent0 - direct buffer constructor: unavailable: Reflective setAccessible(true) disabled
[DEBUG] 2023-05-24 18:09:55.278 [main] PlatformDependent0 - java.nio.Bits.unaligned: available, true
[DEBUG] 2023-05-24 18:09:55.281 [main] PlatformDependent0 - jdk.internal.misc.Unsafe.allocateUninitializedArray(int): unavailable: class io.netty.util.internal.PlatformDependent0$7 cannot access class jdk.internal.misc.Unsafe (in module java.base) because module java.base does not export jdk.internal.misc to unnamed module @737996a0
[DEBUG] 2023-05-24 18:09:55.351 [main] PlatformDependent0 - java.nio.DirectByteBuffer.<init>(long, int): unavailable
[DEBUG] 2023-05-24 18:09:55.352 [main] PlatformDependent - sun.misc.Unsafe: available
[DEBUG] 2023-05-24 18:09:55.352 [main] PlatformDependent - maxDirectMemory: 1040187392 bytes (maybe)
[DEBUG] 2023-05-24 18:09:55.353 [main] PlatformDependent - -Dio.netty.tmpdir: C:\Users\admin\AppData\Local\Temp (java.io.tmpdir)
[DEBUG] 2023-05-24 18:09:55.353 [main] PlatformDependent - -Dio.netty.bitMode: 64 (sun.arch.data.model)
[DEBUG] 2023-05-24 18:09:55.354 [main] PlatformDependent - Platform: Windows
[DEBUG] 2023-05-24 18:09:55.378 [main] PlatformDependent - -Dio.netty.maxDirectMemory: -1 bytes
[DEBUG] 2023-05-24 18:09:55.378 [main] PlatformDependent - -Dio.netty.uninitializedArrayAllocationThreshold: -1
[DEBUG] 2023-05-24 18:09:55.400 [main] CleanerJava9 - java.nio.ByteBuffer.cleaner(): available
[DEBUG] 2023-05-24 18:09:55.401 [main] PlatformDependent - -Dio.netty.noPreferDirect: false
[DEBUG] 2023-05-24 18:09:55.415 [main] PlatformDependent - org.jctools-core.MpscChunkedArrayQueue: available
[DEBUG] 2023-05-24 18:09:56.241 [main] InternalThreadLocalMap - -Dio.netty.threadLocalMap.stringBuilder.initialSize: 1024
[DEBUG] 2023-05-24 18:09:56.241 [main] InternalThreadLocalMap - -Dio.netty.threadLocalMap.stringBuilder.maxSize: 4096
[DEBUG] 2023-05-24 18:09:56.512 [main] JdkSslContext - Default protocols (JDK): [TLSv1.3, TLSv1.2] 
[DEBUG] 2023-05-24 18:09:56.512 [main] JdkSslContext - Default cipher suites (JDK): [TLS_ECDHE_ECDSA_WITH_AES_256_GCM_SHA384, TLS_ECDHE_ECDSA_WITH_AES_128_GCM_SHA256, TLS_ECDHE_RSA_WITH_AES_128_GCM_SHA256, TLS_ECDHE_RSA_WITH_AES_256_GCM_SHA384, TLS_ECDHE_RSA_WITH_AES_128_CBC_SHA, TLS_ECDHE_RSA_WITH_AES_256_CBC_SHA, TLS_RSA_WITH_AES_128_GCM_SHA256, TLS_RSA_WITH_AES_128_CBC_SHA, TLS_RSA_WITH_AES_256_CBC_SHA, TLS_AES_128_GCM_SHA256, TLS_AES_256_GCM_SHA384]
[DEBUG] 2023-05-24 18:09:56.808 [main] GlobalEventExecutor - -Dio.netty.globalEventExecutor.quietPeriodSeconds: 1
[DEBUG] 2023-05-24 18:09:57.089 [main] MultithreadEventLoopGroup - -Dio.netty.eventLoopThreads: 4
[DEBUG] 2023-05-24 18:09:57.305 [main] NioEventLoop - -Dio.netty.noKeySetOptimization: false
[DEBUG] 2023-05-24 18:09:57.305 [main] NioEventLoop - -Dio.netty.selectorAutoRebuildThreshold: 512
[DEBUG] 2023-05-24 18:09:58.117 [main] PooledByteBufAllocator - -Dio.netty.allocator.numHeapArenas: 4
[DEBUG] 2023-05-24 18:09:58.117 [main] PooledByteBufAllocator - -Dio.netty.allocator.numDirectArenas: 4
[DEBUG] 2023-05-24 18:09:58.118 [main] PooledByteBufAllocator - -Dio.netty.allocator.pageSize: 8192
[DEBUG] 2023-05-24 18:09:58.118 [main] PooledByteBufAllocator - -Dio.netty.allocator.maxOrder: 9
[DEBUG] 2023-05-24 18:09:58.118 [main] PooledByteBufAllocator - -Dio.netty.allocator.chunkSize: 4194304
[DEBUG] 2023-05-24 18:09:58.118 [main] PooledByteBufAllocator - -Dio.netty.allocator.smallCacheSize: 256
[DEBUG] 2023-05-24 18:09:58.118 [main] PooledByteBufAllocator - -Dio.netty.allocator.normalCacheSize: 64
[DEBUG] 2023-05-24 18:09:58.118 [main] PooledByteBufAllocator - -Dio.netty.allocator.maxCachedBufferCapacity: 32768
[DEBUG] 2023-05-24 18:09:58.118 [main] PooledByteBufAllocator - -Dio.netty.allocator.cacheTrimInterval: 8192
[DEBUG] 2023-05-24 18:09:58.119 [main] PooledByteBufAllocator - -Dio.netty.allocator.cacheTrimIntervalMillis: 0
[DEBUG] 2023-05-24 18:09:58.119 [main] PooledByteBufAllocator - -Dio.netty.allocator.useCacheForAllThreads: false
[DEBUG] 2023-05-24 18:09:58.119 [main] PooledByteBufAllocator - -Dio.netty.allocator.maxCachedByteBuffersPerChunk: 1023
[DEBUG] 2023-05-24 18:09:58.175 [main] ByteBufUtil - -Dio.netty.allocator.type: pooled
[DEBUG] 2023-05-24 18:09:58.175 [main] ByteBufUtil - -Dio.netty.threadLocalDirectBufferSize: 0
[DEBUG] 2023-05-24 18:09:58.175 [main] ByteBufUtil - -Dio.netty.maxThreadLocalCharBufferSize: 16384
[DEBUG] 2023-05-24 18:10:01.973 [Forwarding newSession on session null to remote] DefaultChannelId - -Dio.netty.processId: 2440 (auto-detected)
[DEBUG] 2023-05-24 18:10:02.052 [Forwarding newSession on session null to remote] NetUtil - -Djava.net.preferIPv4Stack: false
[DEBUG] 2023-05-24 18:10:02.052 [Forwarding newSession on session null to remote] NetUtil - -Djava.net.preferIPv6Addresses: false
[DEBUG] 2023-05-24 18:10:02.097 [Forwarding newSession on session null to remote] NetUtilInitializations - Loopback interface: lo (Software Loopback Interface 1, 127.0.0.1)
[DEBUG] 2023-05-24 18:10:02.098 [Forwarding newSession on session null to remote] NetUtil - Failed to get SOMAXCONN from sysctl and file \proc\sys\net\core\somaxconn. Default: 200
[DEBUG] 2023-05-24 18:10:02.124 [Forwarding newSession on session null to remote] DefaultChannelId - -Dio.netty.machineId: 48:d2:24:ff:fe:24:f8:9e (auto-detected)
[DEBUG] 2023-05-24 18:10:02.387 [AsyncHttpClient-1-2] AbstractByteBuf - -Dio.netty.buffer.checkAccessible: true
[DEBUG] 2023-05-24 18:10:02.388 [AsyncHttpClient-1-2] AbstractByteBuf - -Dio.netty.buffer.checkBounds: true
[DEBUG] 2023-05-24 18:10:02.388 [AsyncHttpClient-1-2] ResourceLeakDetectorFactory - Loaded default ResourceLeakDetector: io.netty.util.ResourceLeakDetector@1466722
[DEBUG] 2023-05-24 18:10:02.581 [AsyncHttpClient-1-2] Recycler - -Dio.netty.recycler.maxCapacityPerThread: 4096
[DEBUG] 2023-05-24 18:10:02.581 [AsyncHttpClient-1-2] Recycler - -Dio.netty.recycler.ratio: 8
[DEBUG] 2023-05-24 18:10:02.582 [AsyncHttpClient-1-2] Recycler - -Dio.netty.recycler.chunkSize: 32
[DEBUG] 2023-05-24 18:10:02.582 [AsyncHttpClient-1-2] Recycler - -Dio.netty.recycler.blocking: false
[DEBUG] 2023-05-24 18:10:02.582 [AsyncHttpClient-1-2] Recycler - -Dio.netty.recycler.batchFastThreadLocalOnly: true
[DEBUG] 2023-05-24 18:10:23.649 [AsyncHttpClient-1-2] Brotli - brotli4j not in the classpath; Brotli support will be unavailable.
[DEBUG] 2023-05-24 18:10:25.065 [main] ThreadLocalRandom - -Dio.netty.initialSeedUniquifier: 0xb4cf0a11fb7efc53
[INFO ] 2023-05-24 18:10:26.298 [main] TestBaseClass - chrome launched
[INFO ] 2023-05-24 18:10:27.261 [main] TestBaseClass - window maximise
[INFO ] 2023-05-24 18:10:51.377 [main] TestBaseClass - applied wait
[DEBUG] 2023-05-25 09:46:53.628 [main] InternalLoggerFactory - Using Log4J2 as the default logging framework
[DEBUG] 2023-05-25 09:46:53.685 [main] ResourceLeakDetector - -Dio.netty.leakDetection.level: simple
[DEBUG] 2023-05-25 09:46:53.686 [main] ResourceLeakDetector - -Dio.netty.leakDetection.targetRecords: 4
[DEBUG] 2023-05-25 09:46:53.694 [main] ResourceLeakDetectorFactory - Loaded default ResourceLeakDetector: io.netty.util.ResourceLeakDetector@ef1695a
[DEBUG] 2023-05-25 09:46:53.748 [main] PlatformDependent0 - -Dio.netty.noUnsafe: false
[DEBUG] 2023-05-25 09:46:53.748 [main] PlatformDependent0 - Java version: 16
[DEBUG] 2023-05-25 09:46:53.750 [main] PlatformDependent0 - sun.misc.Unsafe.theUnsafe: available
[DEBUG] 2023-05-25 09:46:53.751 [main] PlatformDependent0 - sun.misc.Unsafe.copyMemory: available
[DEBUG] 2023-05-25 09:46:53.752 [main] PlatformDependent0 - sun.misc.Unsafe.storeFence: available
[DEBUG] 2023-05-25 09:46:53.753 [main] PlatformDependent0 - java.nio.Buffer.address: available
[DEBUG] 2023-05-25 09:46:53.753 [main] PlatformDependent0 - direct buffer constructor: unavailable: Reflective setAccessible(true) disabled
[DEBUG] 2023-05-25 09:46:53.765 [main] PlatformDependent0 - java.nio.Bits.unaligned: available, true
[DEBUG] 2023-05-25 09:46:53.767 [main] PlatformDependent0 - jdk.internal.misc.Unsafe.allocateUninitializedArray(int): unavailable: class io.netty.util.internal.PlatformDependent0$7 cannot access class jdk.internal.misc.Unsafe (in module java.base) because module java.base does not export jdk.internal.misc to unnamed module @737996a0
[DEBUG] 2023-05-25 09:46:53.804 [main] PlatformDependent0 - java.nio.DirectByteBuffer.<init>(long, int): unavailable
[DEBUG] 2023-05-25 09:46:53.804 [main] PlatformDependent - sun.misc.Unsafe: available
[DEBUG] 2023-05-25 09:46:53.805 [main] PlatformDependent - maxDirectMemory: 1040187392 bytes (maybe)
[DEBUG] 2023-05-25 09:46:53.806 [main] PlatformDependent - -Dio.netty.tmpdir: C:\Users\admin\AppData\Local\Temp (java.io.tmpdir)
[DEBUG] 2023-05-25 09:46:53.806 [main] PlatformDependent - -Dio.netty.bitMode: 64 (sun.arch.data.model)
[DEBUG] 2023-05-25 09:46:53.806 [main] PlatformDependent - Platform: Windows
[DEBUG] 2023-05-25 09:46:53.820 [main] PlatformDependent - -Dio.netty.maxDirectMemory: -1 bytes
[DEBUG] 2023-05-25 09:46:53.820 [main] PlatformDependent - -Dio.netty.uninitializedArrayAllocationThreshold: -1
[DEBUG] 2023-05-25 09:46:53.822 [main] CleanerJava9 - java.nio.ByteBuffer.cleaner(): available
[DEBUG] 2023-05-25 09:46:53.823 [main] PlatformDependent - -Dio.netty.noPreferDirect: false
[DEBUG] 2023-05-25 09:46:53.846 [main] PlatformDependent - org.jctools-core.MpscChunkedArrayQueue: available
[DEBUG] 2023-05-25 09:46:53.970 [main] InternalThreadLocalMap - -Dio.netty.threadLocalMap.stringBuilder.initialSize: 1024
[DEBUG] 2023-05-25 09:46:53.970 [main] InternalThreadLocalMap - -Dio.netty.threadLocalMap.stringBuilder.maxSize: 4096
[DEBUG] 2023-05-25 09:46:54.031 [main] JdkSslContext - Default protocols (JDK): [TLSv1.3, TLSv1.2] 
[DEBUG] 2023-05-25 09:46:54.031 [main] JdkSslContext - Default cipher suites (JDK): [TLS_ECDHE_ECDSA_WITH_AES_256_GCM_SHA384, TLS_ECDHE_ECDSA_WITH_AES_128_GCM_SHA256, TLS_ECDHE_RSA_WITH_AES_128_GCM_SHA256, TLS_ECDHE_RSA_WITH_AES_256_GCM_SHA384, TLS_ECDHE_RSA_WITH_AES_128_CBC_SHA, TLS_ECDHE_RSA_WITH_AES_256_CBC_SHA, TLS_RSA_WITH_AES_128_GCM_SHA256, TLS_RSA_WITH_AES_128_CBC_SHA, TLS_RSA_WITH_AES_256_CBC_SHA, TLS_AES_128_GCM_SHA256, TLS_AES_256_GCM_SHA384]
[DEBUG] 2023-05-25 09:46:54.191 [main] GlobalEventExecutor - -Dio.netty.globalEventExecutor.quietPeriodSeconds: 1
[DEBUG] 2023-05-25 09:46:54.300 [main] MultithreadEventLoopGroup - -Dio.netty.eventLoopThreads: 4
[DEBUG] 2023-05-25 09:46:54.368 [main] NioEventLoop - -Dio.netty.noKeySetOptimization: false
[DEBUG] 2023-05-25 09:46:54.368 [main] NioEventLoop - -Dio.netty.selectorAutoRebuildThreshold: 512
[DEBUG] 2023-05-25 09:46:54.630 [main] PooledByteBufAllocator - -Dio.netty.allocator.numHeapArenas: 4
[DEBUG] 2023-05-25 09:46:54.630 [main] PooledByteBufAllocator - -Dio.netty.allocator.numDirectArenas: 4
[DEBUG] 2023-05-25 09:46:54.630 [main] PooledByteBufAllocator - -Dio.netty.allocator.pageSize: 8192
[DEBUG] 2023-05-25 09:46:54.630 [main] PooledByteBufAllocator - -Dio.netty.allocator.maxOrder: 9
[DEBUG] 2023-05-25 09:46:54.631 [main] PooledByteBufAllocator - -Dio.netty.allocator.chunkSize: 4194304
[DEBUG] 2023-05-25 09:46:54.631 [main] PooledByteBufAllocator - -Dio.netty.allocator.smallCacheSize: 256
[DEBUG] 2023-05-25 09:46:54.631 [main] PooledByteBufAllocator - -Dio.netty.allocator.normalCacheSize: 64
[DEBUG] 2023-05-25 09:46:54.631 [main] PooledByteBufAllocator - -Dio.netty.allocator.maxCachedBufferCapacity: 32768
[DEBUG] 2023-05-25 09:46:54.631 [main] PooledByteBufAllocator - -Dio.netty.allocator.cacheTrimInterval: 8192
[DEBUG] 2023-05-25 09:46:54.631 [main] PooledByteBufAllocator - -Dio.netty.allocator.cacheTrimIntervalMillis: 0
[DEBUG] 2023-05-25 09:46:54.631 [main] PooledByteBufAllocator - -Dio.netty.allocator.useCacheForAllThreads: false
[DEBUG] 2023-05-25 09:46:54.632 [main] PooledByteBufAllocator - -Dio.netty.allocator.maxCachedByteBuffersPerChunk: 1023
[DEBUG] 2023-05-25 09:46:54.657 [main] ByteBufUtil - -Dio.netty.allocator.type: pooled
[DEBUG] 2023-05-25 09:46:54.658 [main] ByteBufUtil - -Dio.netty.threadLocalDirectBufferSize: 0
[DEBUG] 2023-05-25 09:46:54.658 [main] ByteBufUtil - -Dio.netty.maxThreadLocalCharBufferSize: 16384
[DEBUG] 2023-05-25 09:46:58.434 [Forwarding newSession on session null to remote] DefaultChannelId - -Dio.netty.processId: 8976 (auto-detected)
[DEBUG] 2023-05-25 09:46:58.459 [Forwarding newSession on session null to remote] NetUtil - -Djava.net.preferIPv4Stack: false
[DEBUG] 2023-05-25 09:46:58.459 [Forwarding newSession on session null to remote] NetUtil - -Djava.net.preferIPv6Addresses: false
[DEBUG] 2023-05-25 09:46:58.481 [Forwarding newSession on session null to remote] NetUtilInitializations - Loopback interface: lo (Software Loopback Interface 1, 127.0.0.1)
[DEBUG] 2023-05-25 09:46:58.483 [Forwarding newSession on session null to remote] NetUtil - Failed to get SOMAXCONN from sysctl and file \proc\sys\net\core\somaxconn. Default: 200
[DEBUG] 2023-05-25 09:46:58.507 [Forwarding newSession on session null to remote] DefaultChannelId - -Dio.netty.machineId: 48:d2:24:ff:fe:24:f8:9e (auto-detected)
[DEBUG] 2023-05-25 09:46:58.737 [AsyncHttpClient-1-2] AbstractByteBuf - -Dio.netty.buffer.checkAccessible: true
[DEBUG] 2023-05-25 09:46:58.738 [AsyncHttpClient-1-2] AbstractByteBuf - -Dio.netty.buffer.checkBounds: true
[DEBUG] 2023-05-25 09:46:58.738 [AsyncHttpClient-1-2] ResourceLeakDetectorFactory - Loaded default ResourceLeakDetector: io.netty.util.ResourceLeakDetector@1466722
[DEBUG] 2023-05-25 09:46:58.907 [AsyncHttpClient-1-2] Recycler - -Dio.netty.recycler.maxCapacityPerThread: 4096
[DEBUG] 2023-05-25 09:46:58.907 [AsyncHttpClient-1-2] Recycler - -Dio.netty.recycler.ratio: 8
[DEBUG] 2023-05-25 09:46:58.907 [AsyncHttpClient-1-2] Recycler - -Dio.netty.recycler.chunkSize: 32
[DEBUG] 2023-05-25 09:46:58.907 [AsyncHttpClient-1-2] Recycler - -Dio.netty.recycler.blocking: false
[DEBUG] 2023-05-25 09:46:58.907 [AsyncHttpClient-1-2] Recycler - -Dio.netty.recycler.batchFastThreadLocalOnly: true
[DEBUG] 2023-05-25 09:47:10.833 [AsyncHttpClient-1-2] Brotli - brotli4j not in the classpath; Brotli support will be unavailable.
[DEBUG] 2023-05-25 09:47:11.212 [main] ThreadLocalRandom - -Dio.netty.initialSeedUniquifier: 0xd5a059887f18748a
[INFO ] 2023-05-25 09:47:11.884 [main] TestBaseClass - chrome launched
[INFO ] 2023-05-25 09:47:12.323 [main] TestBaseClass - window maximise
[INFO ] 2023-05-25 09:47:47.508 [main] TestBaseClass - applied wait
